[10:28:58] [main/WARN]: Ambiguity between arguments [teleport, destination] and [teleport, targets] with inputs: [Player, 0123, @e, dd12be42-52a9-4a91-a8a1-11c01849e498]
[10:28:58] [main/WARN]: Ambiguity between arguments [teleport, location] and [teleport, destination] with inputs: [0.1 -0.5 .9, 0 0 0]
[10:28:58] [main/WARN]: Ambiguity between arguments [teleport, location] and [teleport, targets] with inputs: [0.1 -0.5 .9, 0 0 0]
[10:28:58] [main/WARN]: Ambiguity between arguments [teleport, targets] and [teleport, destination] with inputs: [Player, 0123, dd12be42-52a9-4a91-a8a1-11c01849e498]
[10:28:58] [main/WARN]: Ambiguity between arguments [teleport, targets, location] and [teleport, targets, destination] with inputs: [0.1 -0.5 .9, 0 0 0]
[10:28:58] [main/INFO]: Reloading ResourceManager: Default
[10:28:59] [Worker-Main-13/INFO]: Loaded 7 recipes
[10:29:00] [Worker-Main-13/INFO]: Loaded 927 advancements
[10:29:02] [Server thread/INFO]: Starting minecraft server version 1.16.5
[10:29:02] [Server thread/INFO]: Loading properties
[10:29:02] [Server thread/INFO]: Default game type: SURVIVAL
[10:29:02] [Server thread/INFO]: Generating keypair
[10:29:02] [Server console handler/ERROR]: Exception handling console input
java.io.IOException: Identificador inválido
	at java.io.FileInputStream.readBytes(Native Method) ~[?:?]
	at java.io.FileInputStream.read(FileInputStream.java:279) ~[?:?]
	at java.io.BufferedInputStream.read1(BufferedInputStream.java:290) ~[?:?]
	at java.io.BufferedInputStream.read(BufferedInputStream.java:351) ~[?:?]
	at sun.nio.cs.StreamDecoder.readBytes(StreamDecoder.java:284) ~[?:?]
	at sun.nio.cs.StreamDecoder.implRead(StreamDecoder.java:326) ~[?:?]
	at sun.nio.cs.StreamDecoder.read(StreamDecoder.java:178) ~[?:?]
	at java.io.InputStreamReader.read(InputStreamReader.java:185) ~[?:?]
	at java.io.BufferedReader.fill(BufferedReader.java:161) ~[?:?]
	at java.io.BufferedReader.readLine(BufferedReader.java:326) ~[?:?]
	at java.io.BufferedReader.readLine(BufferedReader.java:392) ~[?:?]
	at zg$1.run(SourceFile:95) [server.jar:?]
[10:29:02] [Server thread/INFO]: Starting Minecraft server on *:25565
[10:29:02] [Server thread/INFO]: Using default channel type
[10:29:05] [Server thread/WARN]: **** SERVER IS RUNNING IN OFFLINE/INSECURE MODE!
[10:29:05] [Server thread/WARN]: The server will make no attempt to authenticate usernames. Beware.
[10:29:05] [Server thread/WARN]: While this makes the game possible to play without internet access, it also opens up the ability for hackers to connect with any username they choose.
[10:29:05] [Server thread/WARN]: To change this, set "online-mode" to "true" in the server.properties file.
[10:29:05] [Server thread/INFO]: Preparing level "world"
[10:29:05] [Server thread/INFO]: Preparing start region for dimension minecraft:overworld
[10:29:07] [Server thread/INFO]: Preparing spawn area: 0%
[10:29:07] [Server thread/INFO]: Preparing spawn area: 0%
[10:29:07] [Server thread/INFO]: Preparing spawn area: 0%
[10:29:07] [Server thread/INFO]: Preparing spawn area: 0%
[10:29:07] [Server thread/INFO]: Preparing spawn area: 0%
[10:29:11] [Worker-Main-13/INFO]: Preparing spawn area: 83%
[10:29:11] [Worker-Main-11/INFO]: Preparing spawn area: 83%
[10:29:11] [Worker-Main-14/INFO]: Preparing spawn area: 83%
[10:29:11] [Worker-Main-14/INFO]: Preparing spawn area: 83%
[10:29:11] [Worker-Main-14/INFO]: Preparing spawn area: 83%
[10:29:11] [Worker-Main-14/INFO]: Preparing spawn area: 83%
[10:29:11] [Worker-Main-14/INFO]: Preparing spawn area: 83%
[10:29:11] [Worker-Main-13/INFO]: Preparing spawn area: 83%
[10:29:12] [Worker-Main-13/INFO]: Preparing spawn area: 83%
[10:29:12] [Worker-Main-10/INFO]: Preparing spawn area: 83%
[10:29:13] [Worker-Main-10/INFO]: Preparing spawn area: 83%
[10:29:13] [Worker-Main-12/INFO]: Preparing spawn area: 83%
[10:29:14] [Worker-Main-14/INFO]: Preparing spawn area: 84%
[10:29:14] [Worker-Main-8/INFO]: Preparing spawn area: 86%
[10:29:15] [Worker-Main-14/INFO]: Preparing spawn area: 89%
[10:29:15] [Server thread/INFO]: Preparing spawn area: 99%
[10:29:15] [Server thread/INFO]: Time elapsed: 10032 ms
[10:29:15] [Server thread/INFO]: Done (10.210s)! For help, type "help"
[10:29:28] [Server thread/INFO]: spaders[/179.108.19.244:64157] logged in with entity id 123 at (-189.5, 79.0, 186.5)
[10:29:28] [Server thread/INFO]: spaders joined the game
[10:29:38] [Server thread/INFO]: Made spaders a server operator
[10:29:56] [Server thread/INFO]: Stopping server
[10:29:56] [Server thread/INFO]: Saving players
[10:29:56] [Server thread/INFO]: Saving worlds
[10:29:56] [Server thread/INFO]: Saving chunks for level 'ServerLevel[world]'/minecraft:overworld
[10:29:57] [Server thread/INFO]: ThreadedAnvilChunkStorage (world): All chunks are saved
[10:29:57] [Server thread/INFO]: Saving chunks for level 'ServerLevel[world]'/minecraft:the_nether
[10:29:57] [Server thread/INFO]: ThreadedAnvilChunkStorage (DIM-1): All chunks are saved
[10:29:57] [Server thread/INFO]: Saving chunks for level 'ServerLevel[world]'/minecraft:the_end
[10:29:57] [Server thread/INFO]: ThreadedAnvilChunkStorage (DIM1): All chunks are saved
[10:29:57] [Server thread/INFO]: ThreadedAnvilChunkStorage (world): All chunks are saved
[10:29:57] [Server thread/INFO]: ThreadedAnvilChunkStorage (DIM-1): All chunks are saved
[10:29:57] [Server thread/INFO]: ThreadedAnvilChunkStorage (DIM1): All chunks are saved
